<?xml version="1.0" encoding="UTF-8"?>
<!-- Generated by org.testng.reporters.JUnitReportReporter -->
<testsuite hostname="LAPTOP-EHPMFDLD" failures="0" tests="1" name="Testcases.Tc1Test" time="0.018" errors="0" timestamp="2023-10-02T17:35:00 IST" skipped="0">
  <testcase classname="Testcases.Tc1Test" name="m1" time="0.018"/>
  <system-out/>
</testsuite> <!-- Testcases.Tc1Test -->
